orbit BFS capped at depth 10, 27834 nodes
backward orbit of -1: 27834 nodes to depth 12 (27834 classes mod 3^18)
candidates in Y: {'-1': 387420488, '2 (fix R2)': 2, '-7 (T-cycle -5)': 387420482, '-25 (T-cycle -17)': 387420464, '-37': 387420452, '-55': 387420434, '-82': 387420407, '-91': 387420398, '-136': 387420353, '-61': 387420428, '-34': 387420455, '1/5': 77484098}
candidates NOT in Y (excluded, !=2 mod 3): ['-5', '-17', '-1/2']
[k=12 done] delta=0.017459 id_ratio=1.00000019 tail0.2 haar=5.629e-02 mass=1.264e-01
[k=13 done] delta=0.016061 id_ratio=0.99999997 tail0.2 haar=3.905e-02 mass=9.749e-02
[k=14 done] delta=0.014755 id_ratio=0.99999968 tail0.2 haar=2.753e-02 mass=7.583e-02
[k=15 done] delta=0.013566 id_ratio=1.00000038 tail0.2 haar=1.988e-02 mass=5.972e-02

=== top-50 oscillating fibers, k=16 (parent value, base-3 digits LSB->MSB, 15 digits) ===
  osc=0.6066  r=14348906            222222222222222  orbit_depth=15
  osc=0.4647  r=1594322             222222222222200  orbit_depth=13
  osc=0.4386  r=9565937             222222222222221  orbit_depth=14
  osc=0.4313  r=7440173             222222222222111  orbit_depth=12
  osc=0.4158  r=2657204             222222222222110  orbit_depth=12
  osc=0.4089  r=11475188            222222222021012  orbit_depth=14
  osc=0.4039  r=11986946            222222222211112  orbit_depth=11
  osc=0.4035  r=11756582            222222120010112  orbit_depth=15
  osc=0.3879  r=8378396             222222221202021  orbit_depth=14
  osc=0.3862  r=10976552            222222221221202  orbit_depth=14
  osc=0.3847  r=13694993            222222202202122  orbit_depth=14
  osc=0.3823  r=9540833             210021102122221  orbit_depth=15
  osc=0.3823  r=9465518             202020022012221  orbit_depth=15
  osc=0.3811  r=7473389             210021002100211  orbit_depth=14
  osc=0.3811  r=1195742             202020202020200  orbit_depth=14
  osc=0.3806  r=4369625             222222222210220  orbit_depth=14
  osc=0.3804  r=7671905             221212202201211  orbit_depth=15
  osc=0.3797  r=4533083             222210220211220  orbit_depth=15
  osc=0.3795  r=12155939            222012021212112  orbit_depth=15
  osc=0.3793  r=13030145            222222222111022  orbit_depth=12
  osc=0.3791  r=14073344            222222222011222  orbit_depth=14
  osc=0.3788  r=11644478            222210121022012  orbit_depth=15
  osc=0.3783  r=10724318            222222112110202  orbit_depth=14
  osc=0.3767  r=7236635             211012221121111  orbit_depth=15
  osc=0.3767  r=248726              200210221011000  orbit_depth=15
  osc=0.3762  r=11489768            222222102121012  orbit_depth=14
  osc=0.3759  r=8126162             222222112120021  orbit_depth=14
  osc=0.3757  r=13751036            221212121212122  orbit_depth=14
  osc=0.3745  r=12688154            221212121212212  orbit_depth=12
  osc=0.3743  r=1644146             220001211200010  orbit_depth=14
  osc=0.3740  r=6202913             211012010002201  orbit_depth=14
  osc=0.3740  r=10462745            200210021002102  orbit_depth=14
  osc=0.3737  r=210194              222220002101000  orbit_depth=15
  osc=0.3737  r=13136822            222220201102022  orbit_depth=15
  osc=0.3732  r=13526837            222220020011122  orbit_depth=14
  osc=0.3727  r=8552879             220001211200121  orbit_depth=12
  osc=0.3723  r=8014058             222210110200021  orbit_depth=14
  osc=0.3721  r=2482826             211012010002110  orbit_depth=12
  osc=0.3721  r=9931304             200210021002002  orbit_depth=12
  osc=0.3721  r=7447706             222220101000211  orbit_depth=15
  osc=0.3716  r=4816184             210021002100001  orbit_depth=12
  osc=0.3716  r=4915829             202020202020001  orbit_depth=12
  osc=0.3714  r=11337407            222222222220012  orbit_depth=11
  osc=0.3712  r=13800860            222210110222122  orbit_depth=13
  osc=0.3711  r=8912024             222222202202121  orbit_depth=15
  osc=0.3708  r=7989521             210021022000021  orbit_depth=14
  osc=0.3708  r=3260270             202020221010020  orbit_depth=14
  osc=0.3705  r=9526820             210001000122221  orbit_depth=15
  osc=0.3705  r=9409466             202001100102221  orbit_depth=15
  osc=0.3698  r=3437759             201102221011020  orbit_depth=14
[k=16 done] delta=0.012506 id_ratio=1.00000002 tail0.2 haar=1.450e-02 mass=4.710e-02

=== top-50 oscillating fibers, k=17 (parent value, base-3 digits LSB->MSB, 16 digits) ===
  osc=0.6139  r=43046720            2222222222222222  orbit_depth=16
  osc=0.4771  r=23914844            2222222222222211  orbit_depth=14
  osc=0.4443  r=14348906            2222222222222220  orbit_depth=15
  osc=0.4423  r=11160260            2222222222222020  orbit_depth=13
  osc=0.4229  r=25509167            2222222222222021  orbit_depth=13
  osc=0.4126  r=39503780            2222222222202022  orbit_depth=11
  osc=0.4059  r=38736143            2222222222120022  orbit_depth=11
  osc=0.4025  r=20542490            2222222212212011  orbit_depth=15
  osc=0.3955  r=34090955            2222222220101012  orbit_depth=11
  osc=0.3942  r=37988189            2222222220112212  orbit_depth=15
  osc=0.3887  r=26413766            2212121220021121  orbit_depth=15
  osc=0.3878  r=42556286            2020202002002222  orbit_depth=15
  osc=0.3878  r=32162432            2100210002110202  orbit_depth=15
  osc=0.3872  r=2199986             2220122020101100  orbit_depth=15
  osc=0.3870  r=31388234            2100210021002102  orbit_depth=15
  osc=0.3870  r=39459494            2020202020202022  orbit_depth=15
  osc=0.3869  r=11984282            2200012122111120  orbit_depth=15
  osc=0.3861  r=6554438             2222222222200110  orbit_depth=11
  osc=0.3858  r=2445203             2002100201211100  orbit_depth=15
  osc=0.3858  r=11372981            2110120121010120  orbit_depth=15
  osc=0.3853  r=42633377            2222222222102222  orbit_depth=15
  osc=0.3852  r=39158234            2222222010021022  orbit_depth=16
  osc=0.3851  r=37609838            2222222022021212  orbit_depth=15
  osc=0.3847  r=40538474            2222200211201122  orbit_depth=15
  osc=0.3846  r=23387048            2222221100002211  orbit_depth=15
  osc=0.3843  r=8926037             2222101110121210  orbit_depth=15
  osc=0.3839  r=33385034            2022210101122202  orbit_depth=15
  osc=0.3839  r=29869619            2102012112102002  orbit_depth=15
  osc=0.3832  r=24763778            2221110101211021  orbit_depth=15
  osc=0.3830  r=17242514            2211200000112101  orbit_depth=15
  osc=0.3830  r=21722651            2212121212121111  orbit_depth=13
  osc=0.3829  r=28555061            2121102021022221  orbit_depth=15
  osc=0.3829  r=28126802            2011022220221221  orbit_depth=15
  osc=0.3819  r=49823               2200012112000000  orbit_depth=13
  osc=0.3816  r=21623006            2002100210021111  orbit_depth=13
  osc=0.3816  r=26929112            2110120100022121  orbit_depth=13
  osc=0.3809  r=40706630            2222222001211122  orbit_depth=15
  osc=0.3807  r=40906298            2000220202221122  orbit_depth=15
  osc=0.3807  r=31749935            2111021002022102  orbit_depth=15
  osc=0.3806  r=33712604            2222222022010012  orbit_depth=11
  osc=0.3797  r=3886163             2220122012201200  orbit_depth=14
  osc=0.3794  r=38758013            2222222001220022  orbit_depth=11
  osc=0.3794  r=20290256            2222221121102011  orbit_depth=15
  osc=0.3790  r=38637422            2210212220020022  orbit_depth=14
  osc=0.3790  r=5930837             2210212201102010  orbit_depth=15
  osc=0.3784  r=16192343            2011022210110101  orbit_depth=13
  osc=0.3784  r=14809766            2121102012120001  orbit_depth=13
  osc=0.3781  r=10612214            2222101102221020  orbit_depth=14
  osc=0.3780  r=15224699            2020011112211001  orbit_depth=15
  osc=0.3780  r=14567855            2100010102010001  orbit_depth=15
[k=17 done] delta=0.011554 id_ratio=0.99999962 tail0.2 haar=1.083e-02 mass=3.790e-02

=== top-50 oscillating fibers, k=18 (parent value, base-3 digits LSB->MSB, 17 digits) ===
  osc=0.6150  r=129140162           22222222222222222  orbit_depth=17
  osc=0.4884  r=100442348           22222222222222202  orbit_depth=15
  osc=0.4491  r=86093441            22222222222222221  orbit_depth=16
  osc=0.4421  r=81310472            22222222222222121  orbit_depth=14
  osc=0.4271  r=58104215            22222222222010011  orbit_depth=11
  osc=0.4219  r=38263751            22222222222222120  orbit_depth=14
  osc=0.4148  r=123825752           22222222222212122  orbit_depth=12
  osc=0.4124  r=123307433           22222222100012122  orbit_depth=17
  osc=0.4012  r=95383817            22222222201122102  orbit_depth=16
  osc=0.3968  r=51136433            22222222221002101  orbit_depth=12
  osc=0.3957  r=120984839           22222222122120122  orbit_depth=16
  osc=0.3953  r=126412973           22222220121201222  orbit_depth=17
  osc=0.3924  r=97328060            22222220201001202  orbit_depth=17
  osc=0.3922  r=7342169             21002100011211100  orbit_depth=9
  osc=0.3922  r=29368676            20202020012010020  orbit_depth=17
  osc=0.3918  r=63950066            22222222222001111  orbit_depth=11
  osc=0.3909  r=13226156            22121212221202200  orbit_depth=17
  osc=0.3908  r=115138988           22222222122100022  orbit_depth=12
  osc=0.3908  r=2690420             21002100210021000  orbit_depth=16
  osc=0.3908  r=10761680            20202020202020200  orbit_depth=16
  osc=0.3898  r=56982284            22222222221022201  orbit_depth=16
  osc=0.3890  r=118152539           22201220222002022  orbit_depth=17
  osc=0.3888  r=93887909            22222222222121102  orbit_depth=11
  osc=0.3881  r=116304182           22000121211220022  orbit_depth=9
  osc=0.3876  r=10199438            22222211021010200  orbit_depth=17
  osc=0.3874  r=27350864            22222002101102210  orbit_depth=17
  osc=0.3873  r=3851717             21002100202012000  orbit_depth=16
  osc=0.3873  r=15406868            20202020222210010  orbit_depth=16
  osc=0.3873  r=99422720            22222021020012202  orbit_depth=11
  osc=0.3865  r=58137020            22222222110110011  orbit_depth=12
  osc=0.3862  r=81831869            22221011122200221  orbit_depth=17
  osc=0.3862  r=74401739            22222222222211021  orbit_depth=12
  osc=0.3859  r=128404511           22121212112112222  orbit_depth=16
  osc=0.3857  r=103906967           21002100021102012  orbit_depth=16
  osc=0.3857  r=28207379            20202020020022210  orbit_depth=16
  osc=0.3855  r=12064859            22121212200211200  orbit_depth=16
  osc=0.3855  r=106579652           21101201221120112  orbit_depth=10
  osc=0.3855  r=38898119            20021002021010220  orbit_depth=17
  osc=0.3852  r=42149915            22201220122012220  orbit_depth=15
  osc=0.3851  r=9038141             22222211000022100  orbit_depth=16
  osc=0.3850  r=112813730           22000121112021212  orbit_depth=16
  osc=0.3848  r=80670572            22221011101212121  orbit_depth=16
  osc=0.3847  r=104834426           21101201012022012  orbit_depth=16
  osc=0.3847  r=31917215            20021002110002020  orbit_depth=16
  osc=0.3845  r=26189567            22222002112011210  orbit_depth=16
  osc=0.3842  r=22999949            22222211112012110  orbit_depth=17
  osc=0.3842  r=102887552           20021002012111012  orbit_depth=16
  osc=0.3842  r=25721888            21101201210101210  orbit_depth=16
  osc=0.3841  r=83728817            22000121221111221  orbit_depth=16
  osc=0.3839  r=56797757            22121212121212201  orbit_depth=14
[k=18 done] delta=0.010705 id_ratio=0.99999971 tail0.2 haar=8.167e-03 mass=3.062e-02

=== top-50 oscillating fibers, k=19 (parent value, base-3 digits LSB->MSB, 18 digits) ===
  osc=0.6235  r=387420488           222222222222222222  orbit_depth=18
  osc=0.4875  r=344373767           222222222222222212  orbit_depth=16
  osc=0.4458  r=315675953           222222222222222012  orbit_depth=15
  osc=0.4449  r=129140162           222222222222222220  orbit_depth=17
  osc=0.4372  r=87156323            222222222222100020  orbit_depth=12
  osc=0.4232  r=57395627            222222222222222010  orbit_depth=15
  osc=0.4124  r=184961150           222222222000022011  orbit_depth=10
  osc=0.4100  r=379448873           222222222222201222  orbit_depth=13
  osc=0.4015  r=76704650            222222222220001210  orbit_depth=11
  osc=0.3964  r=143075726           222222222210222001  orbit_depth=17
  osc=0.3959  r=181477259           222222222011221011  orbit_depth=17
  osc=0.3949  r=336218444           222222221221201212  orbit_depth=17
  osc=0.3941  r=366418727           222222222011211122  orbit_depth=13
  osc=0.3927  r=111602609           222222222222202120  orbit_depth=13
  osc=0.3924  r=237763259           221212121101021121  orbit_depth=10
  osc=0.3922  r=279183671           222222222220011102  orbit_depth=11
  osc=0.3921  r=280915775           222222222021021102  orbit_depth=13
  osc=0.3919  r=177228809           222210110111001011  orbit_depth=10
  osc=0.3916  r=289471730           210021002002110202  orbit_depth=10
  osc=0.3916  r=383045942           202020202202002222  orbit_depth=10
  osc=0.3907  r=53934188            211012010111202010  orbit_depth=10
  osc=0.3907  r=215736752           200210021122000021  orbit_depth=10
  osc=0.3906  r=234736541           222222112002001121  orbit_depth=11
  osc=0.3906  r=213549479           222012201112212211  orbit_depth=11
  osc=0.3905  r=206826047           222222112110201211  orbit_depth=17
  osc=0.3902  r=60227063            222222112220210110  orbit_depth=18
  osc=0.3897  r=11013254            220001211102202000  orbit_depth=10
  osc=0.3896  r=252857456           222210111012121221  orbit_depth=17
  osc=0.3895  r=310365188           222222110000221012  orbit_depth=17
  osc=0.3895  r=355135448           202020202020202022  orbit_depth=17
  osc=0.3895  r=88783862            210021002100210020  orbit_depth=17
  osc=0.3893  r=342844325           222222120010022212  orbit_depth=12
  osc=0.3893  r=198376451           222220021120112111  orbit_depth=17
  osc=0.3892  r=181098908           222222202202121011  orbit_depth=17
  osc=0.3890  r=122747804           222220020222211220  orbit_depth=11
  osc=0.3890  r=71254100            202020200200222110  orbit_depth=17
  osc=0.3890  r=17813525            210021000211020100  orbit_depth=17
  osc=0.3889  r=289178126           222012202010110202  orbit_depth=17
  osc=0.3888  r=313391906           221212122002112012  orbit_depth=17
  osc=0.3886  r=94837310            222220020011121020  orbit_depth=17
  osc=0.3879  r=59840831            200210020121110110  orbit_depth=17
  osc=0.3879  r=111815330           211012012101012120  orbit_depth=17
  osc=0.3879  r=126775538           220001212211112220  orbit_depth=17
  osc=0.3879  r=209009402           222222202120021211  orbit_depth=10
  osc=0.3875  r=140831864           222222222222012001  orbit_depth=12
  osc=0.3874  r=35108321            210021002100011200  orbit_depth=12
  osc=0.3874  r=140433284           202020202020012001  orbit_depth=12
  osc=0.3872  r=175297688           222210100212210011  orbit_depth=17
  osc=0.3872  r=232805420           222222102100020121  orbit_depth=17
  osc=0.3870  r=133739423           222222221221220001  orbit_depth=13
[k=19 done] delta=0.009935 id_ratio=0.99999982 tail0.2 haar=6.213e-03 mass=2.482e-02

box-dimension estimates D(t) = slope of log3 N_k(t) in k (last 4 pts):
  t=0.05: log3 N = ['9.76', '10.71', '11.64', '12.56', '13.47', '14.36', '15.25', '16.13'] -> D ~ 0.886
  t=0.1: log3 N = ['9.14', '9.97', '10.78', '11.56', '12.35', '13.13', '13.92', '14.70'] -> D ~ 0.786
  t=0.2: log3 N = ['7.38', '8.05', '8.73', '9.43', '10.15', '10.88', '11.62', '12.38'] -> D ~ 0.743
  t=0.3: log3 N = ['5.13', '5.68', '6.35', '7.02', '7.73', '8.42', '9.19', '9.94'] -> D ~ 0.739
  t=0.4: log3 N = ['1.26', '1.46', '1.26', '1.26', '1.89', '1.89', '2.00', '2.00'] -> D ~ 0.043
GEOMETRY DONE
